<?xml version="1.0" encoding="UTF-8"?>
<testsuite name="sungshin.sooon.controller.AccountControllerTest" tests="3" skipped="0" failures="0" errors="0" timestamp="2021-07-19T14:23:51" hostname="hyein-ui-MacBookPro.local" time="0.98">
  <properties/>
  <testcase name="회원가입 Test" classname="sungshin.sooon.controller.AccountControllerTest" time="0.742"/>
  <testcase name="이메일 중복 체크 Test" classname="sungshin.sooon.controller.AccountControllerTest" time="0.192"/>
  <testcase name="닉네 중복 체크 Test" classname="sungshin.sooon.controller.AccountControllerTest" time="0.039"/>
  <system-out><![CDATA[23:23:42.367 [Test worker] DEBUG org.springframework.test.context.BootstrapUtils - Instantiating CacheAwareContextLoaderDelegate from class [org.springframework.test.context.cache.DefaultCacheAwareContextLoaderDelegate]
23:23:42.384 [Test worker] DEBUG org.springframework.test.context.BootstrapUtils - Instantiating BootstrapContext using constructor [public org.springframework.test.context.support.DefaultBootstrapContext(java.lang.Class,org.springframework.test.context.CacheAwareContextLoaderDelegate)]
23:23:42.520 [Test worker] DEBUG org.springframework.test.context.BootstrapUtils - Instantiating TestContextBootstrapper for test class [sungshin.sooon.controller.AccountControllerTest] from class [org.springframework.boot.test.context.SpringBootTestContextBootstrapper]
23:23:42.551 [Test worker] INFO org.springframework.boot.test.context.SpringBootTestContextBootstrapper - Neither @ContextConfiguration nor @ContextHierarchy found for test class [sungshin.sooon.controller.AccountControllerTest], using SpringBootContextLoader
23:23:42.558 [Test worker] DEBUG org.springframework.test.context.support.AbstractContextLoader - Did not detect default resource location for test class [sungshin.sooon.controller.AccountControllerTest]: class path resource [sungshin/sooon/controller/AccountControllerTest-context.xml] does not exist
23:23:42.558 [Test worker] DEBUG org.springframework.test.context.support.AbstractContextLoader - Did not detect default resource location for test class [sungshin.sooon.controller.AccountControllerTest]: class path resource [sungshin/sooon/controller/AccountControllerTestContext.groovy] does not exist
23:23:42.558 [Test worker] INFO org.springframework.test.context.support.AbstractContextLoader - Could not detect default resource locations for test class [sungshin.sooon.controller.AccountControllerTest]: no resource found for suffixes {-context.xml, Context.groovy}.
23:23:42.560 [Test worker] INFO org.springframework.test.context.support.AnnotationConfigContextLoaderUtils - Could not detect default configuration classes for test class [sungshin.sooon.controller.AccountControllerTest]: AccountControllerTest does not declare any static, non-private, non-final, nested classes annotated with @Configuration.
23:23:42.701 [Test worker] DEBUG org.springframework.test.context.support.ActiveProfilesUtils - Could not find an 'annotation declaring class' for annotation type [org.springframework.test.context.ActiveProfiles] and class [sungshin.sooon.controller.AccountControllerTest]
23:23:42.857 [Test worker] DEBUG org.springframework.context.annotation.ClassPathScanningCandidateComponentProvider - Identified candidate component class: file [/Users/hyein/Desktop/spring-study/spring-study/build/classes/java/main/sungshin/sooon/SooonApplication.class]
23:23:42.860 [Test worker] INFO org.springframework.boot.test.context.SpringBootTestContextBootstrapper - Found @SpringBootConfiguration sungshin.sooon.SooonApplication for test class sungshin.sooon.controller.AccountControllerTest
23:23:42.980 [Test worker] DEBUG org.springframework.boot.test.context.SpringBootTestContextBootstrapper - @TestExecutionListeners is not present for class [sungshin.sooon.controller.AccountControllerTest]: using defaults.
23:23:42.981 [Test worker] INFO org.springframework.boot.test.context.SpringBootTestContextBootstrapper - Loaded default TestExecutionListener class names from location [META-INF/spring.factories]: [org.springframework.security.test.context.support.WithSecurityContextTestExecutionListener, org.springframework.security.test.context.support.ReactorContextTestExecutionListener, org.springframework.boot.test.autoconfigure.restdocs.RestDocsTestExecutionListener, org.springframework.boot.test.autoconfigure.web.client.MockRestServiceServerResetTestExecutionListener, org.springframework.boot.test.autoconfigure.web.servlet.MockMvcPrintOnlyOnFailureTestExecutionListener, org.springframework.boot.test.autoconfigure.web.servlet.WebDriverTestExecutionListener, org.springframework.boot.test.autoconfigure.webservices.client.MockWebServiceServerTestExecutionListener, org.springframework.boot.test.mock.mockito.MockitoTestExecutionListener, org.springframework.boot.test.mock.mockito.ResetMocksTestExecutionListener, org.springframework.test.context.web.ServletTestExecutionListener, org.springframework.test.context.support.DirtiesContextBeforeModesTestExecutionListener, org.springframework.test.context.event.ApplicationEventsTestExecutionListener, org.springframework.test.context.support.DependencyInjectionTestExecutionListener, org.springframework.test.context.support.DirtiesContextTestExecutionListener, org.springframework.test.context.transaction.TransactionalTestExecutionListener, org.springframework.test.context.jdbc.SqlScriptsTestExecutionListener, org.springframework.test.context.event.EventPublishingTestExecutionListener]
23:23:43.043 [Test worker] INFO org.springframework.boot.test.context.SpringBootTestContextBootstrapper - Using TestExecutionListeners: [org.springframework.test.context.web.ServletTestExecutionListener@3edf708b, org.springframework.test.context.support.DirtiesContextBeforeModesTestExecutionListener@30781edf, org.springframework.test.context.event.ApplicationEventsTestExecutionListener@59b2439, org.springframework.boot.test.mock.mockito.MockitoTestExecutionListener@68670038, org.springframework.boot.test.autoconfigure.SpringBootDependencyInjectionTestExecutionListener@2df96e97, org.springframework.test.context.support.DirtiesContextTestExecutionListener@5d870311, org.springframework.test.context.transaction.TransactionalTestExecutionListener@1e14e74, org.springframework.test.context.jdbc.SqlScriptsTestExecutionListener@5157e8b0, org.springframework.security.test.context.support.WithSecurityContextTestExecutionListener@373ca9db, org.springframework.test.context.event.EventPublishingTestExecutionListener@5246bba6, org.springframework.security.test.context.support.ReactorContextTestExecutionListener@59dfdd74, org.springframework.boot.test.autoconfigure.restdocs.RestDocsTestExecutionListener@37a3bc97, org.springframework.boot.test.autoconfigure.web.client.MockRestServiceServerResetTestExecutionListener@6503a9c9, org.springframework.boot.test.autoconfigure.web.servlet.MockMvcPrintOnlyOnFailureTestExecutionListener@27fb544, org.springframework.boot.test.autoconfigure.web.servlet.WebDriverTestExecutionListener@256cec02, org.springframework.boot.test.autoconfigure.webservices.client.MockWebServiceServerTestExecutionListener@f81bb3c, org.springframework.boot.test.mock.mockito.ResetMocksTestExecutionListener@77b416e4]
23:23:43.054 [Test worker] DEBUG org.springframework.test.context.support.AbstractDirtiesContextTestExecutionListener - Before test class: context [DefaultTestContext@406593fc testClass = AccountControllerTest, testInstance = [null], testMethod = [null], testException = [null], mergedContextConfiguration = [WebMergedContextConfiguration@65e1dde1 testClass = AccountControllerTest, locations = '{}', classes = '{class sungshin.sooon.SooonApplication}', contextInitializerClasses = '[]', activeProfiles = '{}', propertySourceLocations = '{}', propertySourceProperties = '{org.springframework.boot.test.context.SpringBootTestContextBootstrapper=true}', contextCustomizers = set[org.springframework.boot.test.autoconfigure.actuate.metrics.MetricsExportContextCustomizerFactory$DisableMetricExportContextCustomizer@65ad9d3a, org.springframework.boot.test.autoconfigure.properties.PropertyMappingContextCustomizer@4b3fa0b3, org.springframework.boot.test.autoconfigure.web.servlet.WebDriverContextCustomizerFactory$Customizer@3b79e1c0, [ImportsContextCustomizer@66de4286 key = [org.springframework.boot.test.autoconfigure.web.servlet.MockMvcAutoConfiguration, org.springframework.boot.test.autoconfigure.web.servlet.MockMvcWebClientAutoConfiguration, org.springframework.boot.test.autoconfigure.web.servlet.MockMvcWebDriverAutoConfiguration, org.springframework.boot.autoconfigure.security.oauth2.client.servlet.OAuth2ClientAutoConfiguration, org.springframework.boot.autoconfigure.security.oauth2.resource.servlet.OAuth2ResourceServerAutoConfiguration, org.springframework.boot.autoconfigure.security.servlet.SecurityAutoConfiguration, org.springframework.boot.autoconfigure.security.servlet.SecurityFilterAutoConfiguration, org.springframework.boot.autoconfigure.security.servlet.UserDetailsServiceAutoConfiguration, org.springframework.boot.test.autoconfigure.web.servlet.MockMvcSecurityConfiguration]], org.springframework.boot.test.context.filter.ExcludeFilterContextCustomizer@55304839, org.springframework.boot.test.json.DuplicateJsonObjectContextCustomizerFactory$DuplicateJsonObjectContextCustomizer@35711dfc, org.springframework.boot.test.mock.mockito.MockitoContextCustomizer@0, org.springframework.boot.test.web.client.TestRestTemplateContextCustomizer@7756bad7, org.springframework.boot.test.context.SpringBootTestArgs@1, org.springframework.boot.test.context.SpringBootTestWebEnvironment@13c3c8c1], resourceBasePath = 'src/main/webapp', contextLoader = 'org.springframework.boot.test.context.SpringBootContextLoader', parent = [null]], attributes = map['org.springframework.test.context.web.ServletTestExecutionListener.activateListener' -> true]], class annotated with @DirtiesContext [false] with mode [null].
23:23:43.140 [Test worker] DEBUG org.springframework.test.context.support.TestPropertySourceUtils - Adding inlined properties to environment: {spring.jmx.enabled=false, org.springframework.boot.test.context.SpringBootTestContextBootstrapper=true}

  .   ____          _            __ _ _
 /\\ / ___'_ __ _ _(_)_ __  __ _ \ \ \ \
( ( )\___ | '_ | '_| | '_ \/ _` | \ \ \ \
 \\/  ___)| |_)| | | | | || (_| |  ) ) ) )
  '  |____| .__|_| |_|_| |_\__, | / / / /
 =========|_|==============|___/=/_/_/_/
 :: Spring Boot ::                (v2.5.0)

2021-07-19 23:23:43.860  INFO 10967 --- [    Test worker] s.s.controller.AccountControllerTest     : Starting AccountControllerTest using Java 11.0.11 on hyein-ui-MacBookPro.local with PID 10967 (started by hyein in /Users/hyein/Desktop/spring-study/spring-study)
2021-07-19 23:23:43.873  INFO 10967 --- [    Test worker] s.s.controller.AccountControllerTest     : No active profile set, falling back to default profiles: default
2021-07-19 23:23:44.728  WARN 10967 --- [kground-preinit] o.s.h.c.j.Jackson2ObjectMapperBuilder    : For Jackson Kotlin classes support please add "com.fasterxml.jackson.module:jackson-module-kotlin" to the classpath
2021-07-19 23:23:45.927  INFO 10967 --- [    Test worker] .s.d.r.c.RepositoryConfigurationDelegate : Bootstrapping Spring Data JPA repositories in DEFAULT mode.
2021-07-19 23:23:46.055  INFO 10967 --- [    Test worker] .s.d.r.c.RepositoryConfigurationDelegate : Finished Spring Data repository scanning in 117 ms. Found 2 JPA repository interfaces.
2021-07-19 23:23:46.823  INFO 10967 --- [    Test worker] trationDelegate$BeanPostProcessorChecker : Bean 'org.springframework.ws.config.annotation.DelegatingWsConfiguration' of type [org.springframework.ws.config.annotation.DelegatingWsConfiguration$$EnhancerBySpringCGLIB$$7e816613] is not eligible for getting processed by all BeanPostProcessors (for example: not eligible for auto-proxying)
2021-07-19 23:23:46.919  INFO 10967 --- [    Test worker] .w.s.a.s.AnnotationActionEndpointMapping : Supporting [WS-Addressing August 2004, WS-Addressing 1.0]
2021-07-19 23:23:47.309  INFO 10967 --- [    Test worker] com.zaxxer.hikari.HikariDataSource       : HikariPool-1 - Starting...
2021-07-19 23:23:47.793  INFO 10967 --- [    Test worker] com.zaxxer.hikari.HikariDataSource       : HikariPool-1 - Start completed.
2021-07-19 23:23:47.920  INFO 10967 --- [    Test worker] o.hibernate.jpa.internal.util.LogHelper  : HHH000204: Processing PersistenceUnitInfo [name: default]
2021-07-19 23:23:47.978  INFO 10967 --- [    Test worker] org.hibernate.Version                    : HHH000412: Hibernate ORM core version 5.4.31.Final
2021-07-19 23:23:48.131  INFO 10967 --- [    Test worker] o.hibernate.annotations.common.Version   : HCANN000001: Hibernate Commons Annotations {5.1.2.Final}
2021-07-19 23:23:48.239  INFO 10967 --- [    Test worker] org.hibernate.dialect.Dialect            : HHH000400: Using dialect: org.hibernate.dialect.MySQL5InnoDBDialect
2021-07-19 23:23:49.086  INFO 10967 --- [    Test worker] o.h.e.t.j.p.i.JtaPlatformInitiator       : HHH000490: Using JtaPlatform implementation: [org.hibernate.engine.transaction.jta.platform.internal.NoJtaPlatform]
2021-07-19 23:23:49.099  INFO 10967 --- [    Test worker] j.LocalContainerEntityManagerFactoryBean : Initialized JPA EntityManagerFactory for persistence unit 'default'
2021-07-19 23:23:49.436  WARN 10967 --- [    Test worker] JpaBaseConfiguration$JpaWebConfiguration : spring.jpa.open-in-view is enabled by default. Therefore, database queries may be performed during view rendering. Explicitly configure spring.jpa.open-in-view to disable this warning
2021-07-19 23:23:50.842  INFO 10967 --- [    Test worker] o.s.s.web.DefaultSecurityFilterChain     : Will secure Ant [pattern='/h2-console/**'] with []
2021-07-19 23:23:50.843  INFO 10967 --- [    Test worker] o.s.s.web.DefaultSecurityFilterChain     : Will secure Ant [pattern='/favicon.ico'] with []
2021-07-19 23:23:50.843  INFO 10967 --- [    Test worker] o.s.s.web.DefaultSecurityFilterChain     : Will secure Mvc [pattern='/node_modules/**'] with []
2021-07-19 23:23:50.843  INFO 10967 --- [    Test worker] o.s.s.web.DefaultSecurityFilterChain     : Will secure org.springframework.boot.autoconfigure.security.servlet.StaticResourceRequest$StaticResourceRequestMatcher@ca465fa with []
2021-07-19 23:23:50.934  INFO 10967 --- [    Test worker] o.s.s.web.DefaultSecurityFilterChain     : Will secure any request with [org.springframework.security.web.context.request.async.WebAsyncManagerIntegrationFilter@194c08ff, org.springframework.security.web.context.SecurityContextPersistenceFilter@721bae3b, org.springframework.security.web.header.HeaderWriterFilter@2867370b, org.springframework.security.web.authentication.logout.LogoutFilter@511af00e, sungshin.sooon.config.JwtFilter@685fc30c, sungshin.sooon.config.JwtFilter@1d3401cc, org.springframework.security.web.savedrequest.RequestCacheAwareFilter@12a9ffab, org.springframework.security.web.servletapi.SecurityContextHolderAwareRequestFilter@37c8bc08, org.springframework.security.web.authentication.AnonymousAuthenticationFilter@1e1e2a4c, org.springframework.security.web.session.SessionManagementFilter@30274dab, org.springframework.security.web.access.ExceptionTranslationFilter@53fffee3, org.springframework.security.web.access.intercept.FilterSecurityInterceptor@406c8cca]
2021-07-19 23:23:51.314  WARN 10967 --- [    Test worker] ion$DefaultTemplateResolverConfiguration : Cannot find template location: classpath:/templates/ (please add some templates or check your Thymeleaf configuration)
2021-07-19 23:23:51.785  INFO 10967 --- [    Test worker] o.s.b.t.m.w.SpringBootMockServletContext : Initializing Spring TestDispatcherServlet ''
2021-07-19 23:23:51.786  INFO 10967 --- [    Test worker] o.s.t.web.servlet.TestDispatcherServlet  : Initializing Servlet ''
2021-07-19 23:23:51.787  INFO 10967 --- [    Test worker] o.s.t.web.servlet.TestDispatcherServlet  : Completed initialization in 1 ms
2021-07-19 23:23:51.838  INFO 10967 --- [    Test worker] s.a.ScheduledAnnotationBeanPostProcessor : No TaskScheduler/ScheduledExecutorService bean found for scheduled processing
2021-07-19 23:23:51.847  INFO 10967 --- [    Test worker] s.s.controller.AccountControllerTest     : Started AccountControllerTest in 8.696 seconds (JVM running for 11.461)
2021-07-19 23:23:51.850  INFO 10967 --- [    Test worker] o.s.b.a.ApplicationAvailabilityBean      : Application availability state LivenessState changed to CORRECT
2021-07-19 23:23:51.852  INFO 10967 --- [    Test worker] o.s.b.a.ApplicationAvailabilityBean      : Application availability state ReadinessState changed to ACCEPTING_TRAFFIC
Hibernate: 
    select
        next_val as id_val 
    from
        hibernate_sequence for update
            
Hibernate: 
    update
        hibernate_sequence 
    set
        next_val= ? 
    where
        next_val=?
Hibernate: 
    insert 
    into
        account
        (email, nickname, password, registered_date_time, account_id) 
    values
        (?, ?, ?, ?, ?)

MockHttpServletRequest:
      HTTP Method = POST
      Request URI = /api/v1/auth/signup
       Parameters = {}
          Headers = [Content-Type:"application/json;charset=UTF-8", Content-Length:"93"]
             Body = {"email":"test@test.com","password":"test123!!!","nickname":"test","registeredDateTime":null}
    Session Attrs = {}

Handler:
             Type = sungshin.sooon.controller.AccountController
           Method = sungshin.sooon.controller.AccountController#signup(RegisterRequest, BindingResult)

Async:
    Async started = false
     Async result = null

Resolved Exception:
             Type = null

ModelAndView:
        View name = null
             View = null
            Model = null

FlashMap:
       Attributes = null

MockHttpServletResponse:
           Status = 200
    Error message = null
          Headers = [Content-Type:"text/plain;charset=UTF-8", Content-Length:"19", X-Content-Type-Options:"nosniff", X-XSS-Protection:"1; mode=block", Cache-Control:"no-cache, no-store, max-age=0, must-revalidate", Pragma:"no-cache", Expires:"0"]
     Content type = text/plain;charset=UTF-8
             Body = 회원가입 성공
    Forwarded URL = null
   Redirected URL = null
          Cookies = []
Hibernate: 
    select
        account0_.account_id as col_0_0_ 
    from
        account account0_ 
    where
        account0_.email=? limit ?

MockHttpServletRequest:
      HTTP Method = GET
      Request URI = /api/v1/auth/checkEmail/test@test.com
       Parameters = {}
          Headers = []
             Body = null
    Session Attrs = {}

Handler:
             Type = sungshin.sooon.controller.AccountController
           Method = sungshin.sooon.controller.AccountController#checkEmail(String)

Async:
    Async started = false
     Async result = null

Resolved Exception:
             Type = null

ModelAndView:
        View name = null
             View = null
            Model = null

FlashMap:
       Attributes = null

MockHttpServletResponse:
           Status = 400
    Error message = null
          Headers = [Content-Disposition:"inline;filename=f.txt", Content-Type:"text/plain;charset=UTF-8", Content-Length:"37", X-Content-Type-Options:"nosniff", X-XSS-Protection:"1; mode=block", Cache-Control:"no-cache, no-store, max-age=0, must-revalidate", Pragma:"no-cache", Expires:"0"]
     Content type = text/plain;charset=UTF-8
             Body = 이미 사용 중인 이메입니다.
    Forwarded URL = null
   Redirected URL = null
          Cookies = []
Hibernate: 
    select
        account0_.account_id as col_0_0_ 
    from
        account account0_ 
    where
        account0_.nickname=? limit ?

MockHttpServletRequest:
      HTTP Method = GET
      Request URI = /api/v1/auth/checkNickname/test
       Parameters = {}
          Headers = []
             Body = null
    Session Attrs = {}

Handler:
             Type = sungshin.sooon.controller.AccountController
           Method = sungshin.sooon.controller.AccountController#checkNickname(String)

Async:
    Async started = false
     Async result = null

Resolved Exception:
             Type = null

ModelAndView:
        View name = null
             View = null
            Model = null

FlashMap:
       Attributes = null

MockHttpServletResponse:
           Status = 400
    Error message = null
          Headers = [Content-Type:"text/plain;charset=UTF-8", Content-Length:"40", X-Content-Type-Options:"nosniff", X-XSS-Protection:"1; mode=block", Cache-Control:"no-cache, no-store, max-age=0, must-revalidate", Pragma:"no-cache", Expires:"0"]
     Content type = text/plain;charset=UTF-8
             Body = 이미 사용 중인 닉네임입니다.
    Forwarded URL = null
   Redirected URL = null
          Cookies = []
]]></system-out>
  <system-err><![CDATA[]]></system-err>
</testsuite>
