<?xml version="1.0" encoding="UTF-8"?>
<testsuite name="sungshin.sooon.SooonApplicationTests" tests="1" skipped="0" failures="0" errors="0" timestamp="2021-07-05T04:59:48" hostname="imsujeong-ui-MacBook-Pro.local" time="0.459">
  <properties/>
  <testcase name="contextLoads()" classname="sungshin.sooon.SooonApplicationTests" time="0.459"/>
  <system-out><![CDATA[13:59:42.240 [Test worker] DEBUG org.springframework.test.context.BootstrapUtils - Instantiating CacheAwareContextLoaderDelegate from class [org.springframework.test.context.cache.DefaultCacheAwareContextLoaderDelegate]
13:59:42.254 [Test worker] DEBUG org.springframework.test.context.BootstrapUtils - Instantiating BootstrapContext using constructor [public org.springframework.test.context.support.DefaultBootstrapContext(java.lang.Class,org.springframework.test.context.CacheAwareContextLoaderDelegate)]
13:59:42.303 [Test worker] DEBUG org.springframework.test.context.BootstrapUtils - Instantiating TestContextBootstrapper for test class [sungshin.sooon.SooonApplicationTests] from class [org.springframework.boot.test.context.SpringBootTestContextBootstrapper]
13:59:42.314 [Test worker] INFO org.springframework.boot.test.context.SpringBootTestContextBootstrapper - Neither @ContextConfiguration nor @ContextHierarchy found for test class [sungshin.sooon.SooonApplicationTests], using SpringBootContextLoader
13:59:42.318 [Test worker] DEBUG org.springframework.test.context.support.AbstractContextLoader - Did not detect default resource location for test class [sungshin.sooon.SooonApplicationTests]: class path resource [sungshin/sooon/SooonApplicationTests-context.xml] does not exist
13:59:42.319 [Test worker] DEBUG org.springframework.test.context.support.AbstractContextLoader - Did not detect default resource location for test class [sungshin.sooon.SooonApplicationTests]: class path resource [sungshin/sooon/SooonApplicationTestsContext.groovy] does not exist
13:59:42.319 [Test worker] INFO org.springframework.test.context.support.AbstractContextLoader - Could not detect default resource locations for test class [sungshin.sooon.SooonApplicationTests]: no resource found for suffixes {-context.xml, Context.groovy}.
13:59:42.320 [Test worker] INFO org.springframework.test.context.support.AnnotationConfigContextLoaderUtils - Could not detect default configuration classes for test class [sungshin.sooon.SooonApplicationTests]: SooonApplicationTests does not declare any static, non-private, non-final, nested classes annotated with @Configuration.
13:59:42.367 [Test worker] DEBUG org.springframework.test.context.support.ActiveProfilesUtils - Could not find an 'annotation declaring class' for annotation type [org.springframework.test.context.ActiveProfiles] and class [sungshin.sooon.SooonApplicationTests]
13:59:42.391 [Test worker] DEBUG org.springframework.context.index.CandidateComponentsIndexLoader - Loaded 1] index(es)
13:59:42.440 [Test worker] DEBUG org.springframework.context.annotation.ClassPathScanningCandidateComponentProvider - Using candidate component class from index: sungshin.sooon.SooonApplication
13:59:42.442 [Test worker] INFO org.springframework.boot.test.context.SpringBootTestContextBootstrapper - Found @SpringBootConfiguration sungshin.sooon.SooonApplication for test class sungshin.sooon.SooonApplicationTests
13:59:42.552 [Test worker] DEBUG org.springframework.boot.test.context.SpringBootTestContextBootstrapper - @TestExecutionListeners is not present for class [sungshin.sooon.SooonApplicationTests]: using defaults.
13:59:42.552 [Test worker] INFO org.springframework.boot.test.context.SpringBootTestContextBootstrapper - Loaded default TestExecutionListener class names from location [META-INF/spring.factories]: [org.springframework.security.test.context.support.WithSecurityContextTestExecutionListener, org.springframework.security.test.context.support.ReactorContextTestExecutionListener, org.springframework.boot.test.autoconfigure.restdocs.RestDocsTestExecutionListener, org.springframework.boot.test.autoconfigure.web.client.MockRestServiceServerResetTestExecutionListener, org.springframework.boot.test.autoconfigure.web.servlet.MockMvcPrintOnlyOnFailureTestExecutionListener, org.springframework.boot.test.autoconfigure.web.servlet.WebDriverTestExecutionListener, org.springframework.boot.test.autoconfigure.webservices.client.MockWebServiceServerTestExecutionListener, org.springframework.boot.test.mock.mockito.MockitoTestExecutionListener, org.springframework.boot.test.mock.mockito.ResetMocksTestExecutionListener, org.springframework.test.context.web.ServletTestExecutionListener, org.springframework.test.context.support.DirtiesContextBeforeModesTestExecutionListener, org.springframework.test.context.event.ApplicationEventsTestExecutionListener, org.springframework.test.context.support.DependencyInjectionTestExecutionListener, org.springframework.test.context.support.DirtiesContextTestExecutionListener, org.springframework.test.context.transaction.TransactionalTestExecutionListener, org.springframework.test.context.jdbc.SqlScriptsTestExecutionListener, org.springframework.test.context.event.EventPublishingTestExecutionListener]
13:59:42.573 [Test worker] INFO org.springframework.boot.test.context.SpringBootTestContextBootstrapper - Using TestExecutionListeners: [org.springframework.test.context.web.ServletTestExecutionListener@4c7d0835, org.springframework.test.context.support.DirtiesContextBeforeModesTestExecutionListener@4845473e, org.springframework.test.context.event.ApplicationEventsTestExecutionListener@4fa2e399, org.springframework.boot.test.mock.mockito.MockitoTestExecutionListener@5c286a57, org.springframework.boot.test.autoconfigure.SpringBootDependencyInjectionTestExecutionListener@7830ed47, org.springframework.test.context.support.DirtiesContextTestExecutionListener@1a2e39c8, org.springframework.test.context.transaction.TransactionalTestExecutionListener@42c8bf3f, org.springframework.test.context.jdbc.SqlScriptsTestExecutionListener@5d2d0fe3, org.springframework.security.test.context.support.WithSecurityContextTestExecutionListener@22088bd4, org.springframework.test.context.event.EventPublishingTestExecutionListener@49031624, org.springframework.security.test.context.support.ReactorContextTestExecutionListener@4eb5797c, org.springframework.boot.test.autoconfigure.restdocs.RestDocsTestExecutionListener@7bd2355e, org.springframework.boot.test.autoconfigure.web.client.MockRestServiceServerResetTestExecutionListener@1de247db, org.springframework.boot.test.autoconfigure.web.servlet.MockMvcPrintOnlyOnFailureTestExecutionListener@4c81c075, org.springframework.boot.test.autoconfigure.web.servlet.WebDriverTestExecutionListener@291a3e00, org.springframework.boot.test.autoconfigure.webservices.client.MockWebServiceServerTestExecutionListener@438886b8, org.springframework.boot.test.mock.mockito.ResetMocksTestExecutionListener@4c5bdd8d]
13:59:42.578 [Test worker] DEBUG org.springframework.test.context.support.AbstractDirtiesContextTestExecutionListener - Before test class: context [DefaultTestContext@5a7c9e03 testClass = SooonApplicationTests, testInstance = [null], testMethod = [null], testException = [null], mergedContextConfiguration = [WebMergedContextConfiguration@60c243a6 testClass = SooonApplicationTests, locations = '{}', classes = '{class sungshin.sooon.SooonApplication}', contextInitializerClasses = '[]', activeProfiles = '{}', propertySourceLocations = '{}', propertySourceProperties = '{org.springframework.boot.test.context.SpringBootTestContextBootstrapper=true}', contextCustomizers = set[org.springframework.boot.test.autoconfigure.actuate.metrics.MetricsExportContextCustomizerFactory$DisableMetricExportContextCustomizer@7c8426a0, org.springframework.boot.test.autoconfigure.properties.PropertyMappingContextCustomizer@0, org.springframework.boot.test.autoconfigure.web.servlet.WebDriverContextCustomizerFactory$Customizer@248e1745, org.springframework.boot.test.context.filter.ExcludeFilterContextCustomizer@250bd53c, org.springframework.boot.test.json.DuplicateJsonObjectContextCustomizerFactory$DuplicateJsonObjectContextCustomizer@1b0b555e, org.springframework.boot.test.mock.mockito.MockitoContextCustomizer@0, org.springframework.boot.test.web.client.TestRestTemplateContextCustomizer@4f3b7eb5, org.springframework.boot.test.context.SpringBootTestArgs@1, org.springframework.boot.test.context.SpringBootTestWebEnvironment@2df530a5], resourceBasePath = 'src/main/webapp', contextLoader = 'org.springframework.boot.test.context.SpringBootContextLoader', parent = [null]], attributes = map['org.springframework.test.context.web.ServletTestExecutionListener.activateListener' -> true]], class annotated with @DirtiesContext [false] with mode [null].
13:59:42.660 [Test worker] DEBUG org.springframework.test.context.support.TestPropertySourceUtils - Adding inlined properties to environment: {spring.jmx.enabled=false, org.springframework.boot.test.context.SpringBootTestContextBootstrapper=true}

  .   ____          _            __ _ _
 /\\ / ___'_ __ _ _(_)_ __  __ _ \ \ \ \
( ( )\___ | '_ | '_| | '_ \/ _` | \ \ \ \
 \\/  ___)| |_)| | | | | || (_| |  ) ) ) )
  '  |____| .__|_| |_|_| |_\__, | / / / /
 =========|_|==============|___/=/_/_/_/
 :: Spring Boot ::                (v2.5.1)

2021-07-05 13:59:43.364  INFO 74086 --- [    Test worker] sungshin.sooon.SooonApplicationTests     : Starting SooonApplicationTests using Java 14.0.2 on imsujeong-ui-MacBook-Pro.local with PID 74086 (started by iamsujeong in /Users/iamsujeong/Desktop/spring/spring-study)
2021-07-05 13:59:43.379  INFO 74086 --- [    Test worker] sungshin.sooon.SooonApplicationTests     : No active profile set, falling back to default profiles: default
2021-07-05 13:59:44.953  INFO 74086 --- [    Test worker] .s.d.r.c.RepositoryConfigurationDelegate : Bootstrapping Spring Data JPA repositories in DEFAULT mode.
2021-07-05 13:59:45.020  INFO 74086 --- [    Test worker] .s.d.r.c.RepositoryConfigurationDelegate : Finished Spring Data repository scanning in 57 ms. Found 2 JPA repository interfaces.
2021-07-05 13:59:45.389  INFO 74086 --- [    Test worker] trationDelegate$BeanPostProcessorChecker : Bean 'org.springframework.ws.config.annotation.DelegatingWsConfiguration' of type [org.springframework.ws.config.annotation.DelegatingWsConfiguration$$EnhancerBySpringCGLIB$$a41be793] is not eligible for getting processed by all BeanPostProcessors (for example: not eligible for auto-proxying)
2021-07-05 13:59:45.442  INFO 74086 --- [    Test worker] .w.s.a.s.AnnotationActionEndpointMapping : Supporting [WS-Addressing August 2004, WS-Addressing 1.0]
2021-07-05 13:59:45.571  INFO 74086 --- [    Test worker] com.zaxxer.hikari.HikariDataSource       : HikariPool-1 - Starting...
2021-07-05 13:59:45.848  INFO 74086 --- [    Test worker] com.zaxxer.hikari.HikariDataSource       : HikariPool-1 - Start completed.
2021-07-05 13:59:46.012  INFO 74086 --- [    Test worker] o.hibernate.jpa.internal.util.LogHelper  : HHH000204: Processing PersistenceUnitInfo [name: default]
2021-07-05 13:59:46.066  INFO 74086 --- [    Test worker] org.hibernate.Version                    : HHH000412: Hibernate ORM core version 5.4.32.Final
2021-07-05 13:59:46.101  INFO 74086 --- [    Test worker] o.hibernate.annotations.common.Version   : HCANN000001: Hibernate Commons Annotations {5.1.2.Final}
2021-07-05 13:59:46.216  INFO 74086 --- [    Test worker] org.hibernate.dialect.Dialect            : HHH000400: Using dialect: org.hibernate.dialect.MySQL5InnoDBDialect
2021-07-05 13:59:46.643  INFO 74086 --- [    Test worker] o.h.e.t.j.p.i.JtaPlatformInitiator       : HHH000490: Using JtaPlatform implementation: [org.hibernate.engine.transaction.jta.platform.internal.NoJtaPlatform]
2021-07-05 13:59:46.654  INFO 74086 --- [    Test worker] j.LocalContainerEntityManagerFactoryBean : Initialized JPA EntityManagerFactory for persistence unit 'default'
2021-07-05 13:59:47.233  WARN 74086 --- [    Test worker] JpaBaseConfiguration$JpaWebConfiguration : spring.jpa.open-in-view is enabled by default. Therefore, database queries may be performed during view rendering. Explicitly configure spring.jpa.open-in-view to disable this warning
2021-07-05 13:59:47.773  INFO 74086 --- [    Test worker] o.s.s.web.DefaultSecurityFilterChain     : Will secure Ant [pattern='/h2-console/**'] with []
2021-07-05 13:59:47.773  INFO 74086 --- [    Test worker] o.s.s.web.DefaultSecurityFilterChain     : Will secure Ant [pattern='/favicon.ico'] with []
2021-07-05 13:59:47.773  INFO 74086 --- [    Test worker] o.s.s.web.DefaultSecurityFilterChain     : Will secure Mvc [pattern='/node_modules/**'] with []
2021-07-05 13:59:47.773  INFO 74086 --- [    Test worker] o.s.s.web.DefaultSecurityFilterChain     : Will secure org.springframework.boot.autoconfigure.security.servlet.StaticResourceRequest$StaticResourceRequestMatcher@267e816d with []
2021-07-05 13:59:47.860  INFO 74086 --- [    Test worker] o.s.s.web.DefaultSecurityFilterChain     : Will secure any request with [org.springframework.security.web.context.request.async.WebAsyncManagerIntegrationFilter@1a15f904, org.springframework.security.web.context.SecurityContextPersistenceFilter@7031ddc0, org.springframework.security.web.header.HeaderWriterFilter@1437b603, org.springframework.security.web.authentication.logout.LogoutFilter@5bf31903, sungshin.sooon.config.JwtFilter@29f144f0, sungshin.sooon.config.JwtFilter@459b067a, org.springframework.security.web.savedrequest.RequestCacheAwareFilter@46ed4760, org.springframework.security.web.servletapi.SecurityContextHolderAwareRequestFilter@b36a65c, org.springframework.security.web.authentication.AnonymousAuthenticationFilter@10648ece, org.springframework.security.web.session.SessionManagementFilter@28910762, org.springframework.security.web.access.ExceptionTranslationFilter@742d015e, org.springframework.security.web.access.intercept.FilterSecurityInterceptor@29b349eb]
2021-07-05 13:59:48.170  WARN 74086 --- [    Test worker] ion$DefaultTemplateResolverConfiguration : Cannot find template location: classpath:/templates/ (please add some templates or check your Thymeleaf configuration)
2021-07-05 13:59:48.635  INFO 74086 --- [    Test worker] s.a.ScheduledAnnotationBeanPostProcessor : No TaskScheduler/ScheduledExecutorService bean found for scheduled processing
2021-07-05 13:59:48.644  INFO 74086 --- [    Test worker] sungshin.sooon.SooonApplicationTests     : Started SooonApplicationTests in 5.976 seconds (JVM running for 7.432)
]]></system-out>
  <system-err><![CDATA[]]></system-err>
</testsuite>
